C:\USERS\LENOVO\WORDSEGMENTATION\WORDSEGMENTATION\DEBUG\WORDSEGMENTATION.EXE
C:\USERS\LENOVO\WORDSEGMENTATION\WORDSEGMENTATION\DEBUG\WORDSEGMENTATION.ILK
C:\USERS\LENOVO\WORDSEGMENTATION\WORDSEGMENTATION\DEBUG\WORDSEGMENTATION.PDB
C:\USERS\LENOVO\WORDSEGMENTATION\WORDSEGMENTATION\WORDSEGMENTATION\DEBUG\ARITHMETICFACTORY.OBJ
C:\Users\lenovo\wordsegmentation\WordSegmentation\WordSegmentation\Debug\cl.command.1.tlog
C:\Users\lenovo\wordsegmentation\WordSegmentation\WordSegmentation\Debug\CL.read.1.tlog
C:\Users\lenovo\wordsegmentation\WordSegmentation\WordSegmentation\Debug\CL.write.1.tlog
C:\USERS\LENOVO\WORDSEGMENTATION\WORDSEGMENTATION\WORDSEGMENTATION\DEBUG\DATACONVERTOR.OBJ
C:\USERS\LENOVO\WORDSEGMENTATION\WORDSEGMENTATION\WORDSEGMENTATION\DEBUG\EVALUATESYSTEM.OBJ
C:\Users\lenovo\wordsegmentation\WordSegmentation\WordSegmentation\Debug\link.5348.read.1.tlog
C:\Users\lenovo\wordsegmentation\WordSegmentation\WordSegmentation\Debug\link.5348.write.1.tlog
C:\Users\lenovo\wordsegmentation\WordSegmentation\WordSegmentation\Debug\link.5348-cvtres.read.1.tlog
C:\Users\lenovo\wordsegmentation\WordSegmentation\WordSegmentation\Debug\link.5348-cvtres.write.1.tlog
C:\Users\lenovo\wordsegmentation\WordSegmentation\WordSegmentation\Debug\link.command.1.tlog
C:\Users\lenovo\wordsegmentation\WordSegmentation\WordSegmentation\Debug\link.read.1.tlog
C:\Users\lenovo\wordsegmentation\WordSegmentation\WordSegmentation\Debug\link.write.1.tlog
C:\Users\lenovo\wordsegmentation\WordSegmentation\WordSegmentation\Debug\link-cvtres.read.1.tlog
C:\Users\lenovo\wordsegmentation\WordSegmentation\WordSegmentation\Debug\link-cvtres.write.1.tlog
C:\USERS\LENOVO\WORDSEGMENTATION\WORDSEGMENTATION\WORDSEGMENTATION\DEBUG\MAIN.OBJ
C:\USERS\LENOVO\WORDSEGMENTATION\WORDSEGMENTATION\WORDSEGMENTATION\DEBUG\MMSEGMENTATION.OBJ
C:\Users\lenovo\wordsegmentation\WordSegmentation\WordSegmentation\Debug\mt.command.1.tlog
C:\Users\lenovo\wordsegmentation\WordSegmentation\WordSegmentation\Debug\mt.read.1.tlog
C:\Users\lenovo\wordsegmentation\WordSegmentation\WordSegmentation\Debug\mt.write.1.tlog
C:\Users\lenovo\wordsegmentation\WordSegmentation\WordSegmentation\Debug\rc.command.1.tlog
C:\Users\lenovo\wordsegmentation\WordSegmentation\WordSegmentation\Debug\rc.read.1.tlog
C:\Users\lenovo\wordsegmentation\WordSegmentation\WordSegmentation\Debug\rc.write.1.tlog
C:\USERS\LENOVO\WORDSEGMENTATION\WORDSEGMENTATION\WORDSEGMENTATION\DEBUG\RMMSEGMENTATION.OBJ
C:\USERS\LENOVO\WORDSEGMENTATION\WORDSEGMENTATION\WORDSEGMENTATION\DEBUG\SEGMENTATIONARITHMETIC.OBJ
C:\Users\lenovo\wordsegmentation\WordSegmentation\WordSegmentation\Debug\vc100.idb
C:\USERS\LENOVO\WORDSEGMENTATION\WORDSEGMENTATION\WORDSEGMENTATION\DEBUG\VC100.PDB
C:\USERS\LENOVO\WORDSEGMENTATION\WORDSEGMENTATION\WORDSEGMENTATION\DEBUG\WORDSEGMENTATION.EXE.EMBED.MANIFEST
C:\USERS\LENOVO\WORDSEGMENTATION\WORDSEGMENTATION\WORDSEGMENTATION\DEBUG\WORDSEGMENTATION.EXE.EMBED.MANIFEST.RES
C:\USERS\LENOVO\WORDSEGMENTATION\WORDSEGMENTATION\WORDSEGMENTATION\DEBUG\WORDSEGMENTATION.EXE.INTERMEDIATE.MANIFEST
C:\Users\lenovo\wordsegmentation\WordSegmentation\WordSegmentation\Debug\WordSegmentation_manifest.rc
