生成启动时间为 8/9/2014 2:45:25 PM。
     1>项目“C:\Users\lenovo\wordsegmentation\WordSegmentation\WordSegmentation\WordSegmentation.vcxproj”在节点 2 上(build 个目标)。
     1>InitializeBuildStatus:
         正在创建“Debug\WordSegmentation.unsuccessfulbuild”，因为已指定“AlwaysCreate”。
       ClCompile:
         C:\Program Files (x86)\Microsoft Visual Studio 10.0\VC\bin\CL.exe /c /ZI /nologo /W3 /WX- /Od /Oy- /D WIN32 /D _DEBUG /D _CONSOLE /D _UNICODE /D UNICODE /Gm /EHsc /RTC1 /MDd /GS /fp:precise /Zc:wchar_t /Zc:forScope /Fo"Debug\\" /Fd"Debug\vc100.pdb" /Gd /TP /analyze- /errorReport:prompt ArithmeticFactory.cpp DataConvertor.cpp EvaluateSystem.cpp MMSegmentation.cpp RMMSegmentation.cpp SegmentationArithmetic.cpp main.cpp
         main.cpp
     1>c:\users\lenovo\wordsegmentation\wordsegmentation\wordsegmentation\head.h(30): warning C4005: “CLOCKS_PER_SEC”: 宏重定义
                 c:\program files (x86)\microsoft visual studio 10.0\vc\include\time.h(123) : 参见“CLOCKS_PER_SEC”的前一个定义
         SegmentationArithmetic.cpp
     1>c:\users\lenovo\wordsegmentation\wordsegmentation\wordsegmentation\head.h(30): warning C4005: “CLOCKS_PER_SEC”: 宏重定义
                 c:\program files (x86)\microsoft visual studio 10.0\vc\include\time.h(123) : 参见“CLOCKS_PER_SEC”的前一个定义
         RMMSegmentation.cpp
     1>c:\users\lenovo\wordsegmentation\wordsegmentation\wordsegmentation\head.h(30): warning C4005: “CLOCKS_PER_SEC”: 宏重定义
                 c:\program files (x86)\microsoft visual studio 10.0\vc\include\time.h(123) : 参见“CLOCKS_PER_SEC”的前一个定义
         MMSegmentation.cpp
     1>c:\users\lenovo\wordsegmentation\wordsegmentation\wordsegmentation\head.h(30): warning C4005: “CLOCKS_PER_SEC”: 宏重定义
                 c:\program files (x86)\microsoft visual studio 10.0\vc\include\time.h(123) : 参见“CLOCKS_PER_SEC”的前一个定义
         EvaluateSystem.cpp
     1>c:\users\lenovo\wordsegmentation\wordsegmentation\wordsegmentation\head.h(30): warning C4005: “CLOCKS_PER_SEC”: 宏重定义
                 c:\program files (x86)\microsoft visual studio 10.0\vc\include\time.h(123) : 参见“CLOCKS_PER_SEC”的前一个定义
     1>c:\users\lenovo\wordsegmentation\wordsegmentation\wordsegmentation\evaluatesystem.cpp(22): warning C4244: “初始化”: 从“int”转换到“float”，可能丢失数据
     1>c:\users\lenovo\wordsegmentation\wordsegmentation\wordsegmentation\evaluatesystem.cpp(23): warning C4244: “初始化”: 从“int”转换到“float”，可能丢失数据
     1>c:\users\lenovo\wordsegmentation\wordsegmentation\wordsegmentation\evaluatesystem.cpp(36): warning C4244: “初始化”: 从“int”转换到“float”，可能丢失数据
     1>c:\users\lenovo\wordsegmentation\wordsegmentation\wordsegmentation\evaluatesystem.cpp(37): warning C4244: “初始化”: 从“int”转换到“float”，可能丢失数据
         DataConvertor.cpp
     1>c:\users\lenovo\wordsegmentation\wordsegmentation\wordsegmentation\head.h(30): warning C4005: “CLOCKS_PER_SEC”: 宏重定义
                 c:\program files (x86)\microsoft visual studio 10.0\vc\include\time.h(123) : 参见“CLOCKS_PER_SEC”的前一个定义
     1>c:\users\lenovo\wordsegmentation\wordsegmentation\wordsegmentation\dataconvertor.cpp(35): warning C4018: “>”: 有符号/无符号不匹配
         正在生成代码...
         正在跳过...(未检测到相关更改)
         ArithmeticFactory.cpp
       ManifestResourceCompile:
         所有输出均为最新。
       Link:
         C:\Program Files (x86)\Microsoft Visual Studio 10.0\VC\bin\link.exe /ERRORREPORT:PROMPT /OUT:"C:\Users\lenovo\wordsegmentation\WordSegmentation\Debug\WordSegmentation.exe" /INCREMENTAL /NOLOGO kernel32.lib user32.lib gdi32.lib winspool.lib comdlg32.lib advapi32.lib shell32.lib ole32.lib oleaut32.lib uuid.lib odbc32.lib odbccp32.lib /MANIFEST /ManifestFile:"Debug\WordSegmentation.exe.intermediate.manifest" /MANIFESTUAC:"level='asInvoker' uiAccess='false'" /DEBUG /PDB:"C:\Users\lenovo\wordsegmentation\WordSegmentation\Debug\WordSegmentation.pdb" /SUBSYSTEM:CONSOLE /TLBID:1 /DYNAMICBASE /NXCOMPAT /IMPLIB:"C:\Users\lenovo\wordsegmentation\WordSegmentation\Debug\WordSegmentation.lib" /MACHINE:X86 Debug\WordSegmentation.exe.embed.manifest.res
         Debug\ArithmeticFactory.obj
         Debug\DataConvertor.obj
         Debug\EvaluateSystem.obj
         Debug\main.obj
         Debug\MMSegmentation.obj
         Debug\RMMSegmentation.obj
         Debug\SegmentationArithmetic.obj
       Manifest:
         C:\Program Files (x86)\Microsoft SDKs\Windows\v7.0A\bin\mt.exe /nologo /verbose /out:"Debug\WordSegmentation.exe.embed.manifest" /manifest Debug\WordSegmentation.exe.intermediate.manifest
         所有输出均为最新。
       LinkEmbedManifest:
         所有输出均为最新。
         WordSegmentation.vcxproj -> C:\Users\lenovo\wordsegmentation\WordSegmentation\Debug\WordSegmentation.exe
       FinalizeBuildStatus:
         正在删除文件“Debug\WordSegmentation.unsuccessfulbuild”。
         正在对“Debug\WordSegmentation.lastbuildstate”执行 Touch 任务。
     1>已完成生成项目“C:\Users\lenovo\wordsegmentation\WordSegmentation\WordSegmentation\WordSegmentation.vcxproj”(build 个目标)的操作。

生成成功。

已用时间 00:00:07.17
